<?xml version="1.0" encoding="UTF-8"?>
<testsuite xmlns:xsi="http://www.w3.org/2001/XMLSchema-instance" xsi:noNamespaceSchemaLocation="https://maven.apache.org/surefire/maven-surefire-plugin/xsd/surefire-test-report.xsd" name="com.example.demo.DockerHelloApplicationTests" time="2.779" tests="1" errors="0" skipped="0" failures="0">
  <properties>
    <property name="gopherProxySet" value="false"/>
    <property name="awt.toolkit" value="sun.lwawt.macosx.LWCToolkit"/>
    <property name="file.encoding.pkg" value="sun.io"/>
    <property name="java.specification.version" value="1.8"/>
    <property name="sun.cpu.isalist" value=""/>
    <property name="sun.jnu.encoding" value="UTF-8"/>
    <property name="java.class.path" value="/Users/yg/Desktop/dockehello/target/test-classes:/Users/yg/Desktop/dockehello/target/classes:/Users/yg/apache-maven-3.3.3/localRepository/org/springframework/boot/spring-boot-starter-web/2.0.1.RELEASE/spring-boot-starter-web-2.0.1.RELEASE.jar:/Users/yg/apache-maven-3.3.3/localRepository/org/springframework/boot/spring-boot-starter/2.0.1.RELEASE/spring-boot-starter-2.0.1.RELEASE.jar:/Users/yg/apache-maven-3.3.3/localRepository/org/springframework/boot/spring-boot/2.0.1.RELEASE/spring-boot-2.0.1.RELEASE.jar:/Users/yg/apache-maven-3.3.3/localRepository/org/springframework/boot/spring-boot-autoconfigure/2.0.1.RELEASE/spring-boot-autoconfigure-2.0.1.RELEASE.jar:/Users/yg/apache-maven-3.3.3/localRepository/org/springframework/boot/spring-boot-starter-logging/2.0.1.RELEASE/spring-boot-starter-logging-2.0.1.RELEASE.jar:/Users/yg/apache-maven-3.3.3/localRepository/ch/qos/logback/logback-classic/1.2.3/logback-classic-1.2.3.jar:/Users/yg/apache-maven-3.3.3/localRepository/ch/qos/logback/logback-core/1.2.3/logback-core-1.2.3.jar:/Users/yg/apache-maven-3.3.3/localRepository/org/apache/logging/log4j/log4j-to-slf4j/2.10.0/log4j-to-slf4j-2.10.0.jar:/Users/yg/apache-maven-3.3.3/localRepository/org/apache/logging/log4j/log4j-api/2.10.0/log4j-api-2.10.0.jar:/Users/yg/apache-maven-3.3.3/localRepository/org/slf4j/jul-to-slf4j/1.7.25/jul-to-slf4j-1.7.25.jar:/Users/yg/apache-maven-3.3.3/localRepository/javax/annotation/javax.annotation-api/1.3.2/javax.annotation-api-1.3.2.jar:/Users/yg/apache-maven-3.3.3/localRepository/org/yaml/snakeyaml/1.19/snakeyaml-1.19.jar:/Users/yg/apache-maven-3.3.3/localRepository/org/springframework/boot/spring-boot-starter-json/2.0.1.RELEASE/spring-boot-starter-json-2.0.1.RELEASE.jar:/Users/yg/apache-maven-3.3.3/localRepository/com/fasterxml/jackson/core/jackson-databind/2.9.5/jackson-databind-2.9.5.jar:/Users/yg/apache-maven-3.3.3/localRepository/com/fasterxml/jackson/core/jackson-annotations/2.9.0/jackson-annotations-2.9.0.jar:/Users/yg/apache-maven-3.3.3/localRepository/com/fasterxml/jackson/core/jackson-core/2.9.5/jackson-core-2.9.5.jar:/Users/yg/apache-maven-3.3.3/localRepository/com/fasterxml/jackson/datatype/jackson-datatype-jdk8/2.9.5/jackson-datatype-jdk8-2.9.5.jar:/Users/yg/apache-maven-3.3.3/localRepository/com/fasterxml/jackson/datatype/jackson-datatype-jsr310/2.9.5/jackson-datatype-jsr310-2.9.5.jar:/Users/yg/apache-maven-3.3.3/localRepository/com/fasterxml/jackson/module/jackson-module-parameter-names/2.9.5/jackson-module-parameter-names-2.9.5.jar:/Users/yg/apache-maven-3.3.3/localRepository/org/springframework/boot/spring-boot-starter-tomcat/2.0.1.RELEASE/spring-boot-starter-tomcat-2.0.1.RELEASE.jar:/Users/yg/apache-maven-3.3.3/localRepository/org/apache/tomcat/embed/tomcat-embed-core/8.5.29/tomcat-embed-core-8.5.29.jar:/Users/yg/apache-maven-3.3.3/localRepository/org/apache/tomcat/embed/tomcat-embed-el/8.5.29/tomcat-embed-el-8.5.29.jar:/Users/yg/apache-maven-3.3.3/localRepository/org/apache/tomcat/embed/tomcat-embed-websocket/8.5.29/tomcat-embed-websocket-8.5.29.jar:/Users/yg/apache-maven-3.3.3/localRepository/org/hibernate/validator/hibernate-validator/6.0.9.Final/hibernate-validator-6.0.9.Final.jar:/Users/yg/apache-maven-3.3.3/localRepository/javax/validation/validation-api/2.0.1.Final/validation-api-2.0.1.Final.jar:/Users/yg/apache-maven-3.3.3/localRepository/org/jboss/logging/jboss-logging/3.3.2.Final/jboss-logging-3.3.2.Final.jar:/Users/yg/apache-maven-3.3.3/localRepository/com/fasterxml/classmate/1.3.4/classmate-1.3.4.jar:/Users/yg/apache-maven-3.3.3/localRepository/org/springframework/spring-web/5.0.5.RELEASE/spring-web-5.0.5.RELEASE.jar:/Users/yg/apache-maven-3.3.3/localRepository/org/springframework/spring-beans/5.0.5.RELEASE/spring-beans-5.0.5.RELEASE.jar:/Users/yg/apache-maven-3.3.3/localRepository/org/springframework/spring-webmvc/5.0.5.RELEASE/spring-webmvc-5.0.5.RELEASE.jar:/Users/yg/apache-maven-3.3.3/localRepository/org/springframework/spring-aop/5.0.5.RELEASE/spring-aop-5.0.5.RELEASE.jar:/Users/yg/apache-maven-3.3.3/localRepository/org/springframework/spring-context/5.0.5.RELEASE/spring-context-5.0.5.RELEASE.jar:/Users/yg/apache-maven-3.3.3/localRepository/org/springframework/spring-expression/5.0.5.RELEASE/spring-expression-5.0.5.RELEASE.jar:/Users/yg/apache-maven-3.3.3/localRepository/org/springframework/boot/spring-boot-starter-test/2.0.1.RELEASE/spring-boot-starter-test-2.0.1.RELEASE.jar:/Users/yg/apache-maven-3.3.3/localRepository/org/springframework/boot/spring-boot-test/2.0.1.RELEASE/spring-boot-test-2.0.1.RELEASE.jar:/Users/yg/apache-maven-3.3.3/localRepository/org/springframework/boot/spring-boot-test-autoconfigure/2.0.1.RELEASE/spring-boot-test-autoconfigure-2.0.1.RELEASE.jar:/Users/yg/apache-maven-3.3.3/localRepository/com/jayway/jsonpath/json-path/2.4.0/json-path-2.4.0.jar:/Users/yg/apache-maven-3.3.3/localRepository/net/minidev/json-smart/2.3/json-smart-2.3.jar:/Users/yg/apache-maven-3.3.3/localRepository/net/minidev/accessors-smart/1.2/accessors-smart-1.2.jar:/Users/yg/apache-maven-3.3.3/localRepository/org/ow2/asm/asm/5.0.4/asm-5.0.4.jar:/Users/yg/apache-maven-3.3.3/localRepository/org/slf4j/slf4j-api/1.7.25/slf4j-api-1.7.25.jar:/Users/yg/apache-maven-3.3.3/localRepository/junit/junit/4.12/junit-4.12.jar:/Users/yg/apache-maven-3.3.3/localRepository/org/assertj/assertj-core/3.9.1/assertj-core-3.9.1.jar:/Users/yg/apache-maven-3.3.3/localRepository/org/mockito/mockito-core/2.15.0/mockito-core-2.15.0.jar:/Users/yg/apache-maven-3.3.3/localRepository/net/bytebuddy/byte-buddy/1.7.11/byte-buddy-1.7.11.jar:/Users/yg/apache-maven-3.3.3/localRepository/net/bytebuddy/byte-buddy-agent/1.7.11/byte-buddy-agent-1.7.11.jar:/Users/yg/apache-maven-3.3.3/localRepository/org/objenesis/objenesis/2.6/objenesis-2.6.jar:/Users/yg/apache-maven-3.3.3/localRepository/org/hamcrest/hamcrest-core/1.3/hamcrest-core-1.3.jar:/Users/yg/apache-maven-3.3.3/localRepository/org/hamcrest/hamcrest-library/1.3/hamcrest-library-1.3.jar:/Users/yg/apache-maven-3.3.3/localRepository/org/skyscreamer/jsonassert/1.5.0/jsonassert-1.5.0.jar:/Users/yg/apache-maven-3.3.3/localRepository/com/vaadin/external/google/android-json/0.0.20131108.vaadin1/android-json-0.0.20131108.vaadin1.jar:/Users/yg/apache-maven-3.3.3/localRepository/org/springframework/spring-core/5.0.5.RELEASE/spring-core-5.0.5.RELEASE.jar:/Users/yg/apache-maven-3.3.3/localRepository/org/springframework/spring-jcl/5.0.5.RELEASE/spring-jcl-5.0.5.RELEASE.jar:/Users/yg/apache-maven-3.3.3/localRepository/org/springframework/spring-test/5.0.5.RELEASE/spring-test-5.0.5.RELEASE.jar:/Users/yg/apache-maven-3.3.3/localRepository/org/xmlunit/xmlunit-core/2.5.1/xmlunit-core-2.5.1.jar:/Users/yg/apache-maven-3.3.3/localRepository/org/springframework/boot/spring-boot-starter-thymeleaf/2.0.1.RELEASE/spring-boot-starter-thymeleaf-2.0.1.RELEASE.jar:/Users/yg/apache-maven-3.3.3/localRepository/org/thymeleaf/thymeleaf-spring5/3.0.9.RELEASE/thymeleaf-spring5-3.0.9.RELEASE.jar:/Users/yg/apache-maven-3.3.3/localRepository/org/thymeleaf/thymeleaf/3.0.9.RELEASE/thymeleaf-3.0.9.RELEASE.jar:/Users/yg/apache-maven-3.3.3/localRepository/org/attoparser/attoparser/2.0.4.RELEASE/attoparser-2.0.4.RELEASE.jar:/Users/yg/apache-maven-3.3.3/localRepository/org/unbescape/unbescape/1.1.5.RELEASE/unbescape-1.1.5.RELEASE.jar:/Users/yg/apache-maven-3.3.3/localRepository/org/thymeleaf/extras/thymeleaf-extras-java8time/3.0.1.RELEASE/thymeleaf-extras-java8time-3.0.1.RELEASE.jar:"/>
    <property name="java.vm.vendor" value="Oracle Corporation"/>
    <property name="sun.arch.data.model" value="64"/>
    <property name="java.vendor.url" value="http://java.oracle.com/"/>
    <property name="user.timezone" value="Asia/Shanghai"/>
    <property name="java.vm.specification.version" value="1.8"/>
    <property name="os.name" value="Mac OS X"/>
    <property name="user.country" value="CN"/>
    <property name="sun.java.launcher" value="SUN_STANDARD"/>
    <property name="sun.boot.library.path" value="/Library/Java/JavaVirtualMachines/jdk1.8.0.jdk/Contents/Home/jre/lib"/>
    <property name="sun.java.command" value="/Users/yg/Desktop/dockehello/target/surefire/surefirebooter1589091375262390955.jar /Users/yg/Desktop/dockehello/target/surefire 2018-08-02T10-30-08_881-jvmRun1 surefire3924038766995416839tmp surefire_01576879871149732148tmp"/>
    <property name="surefire.test.class.path" value="/Users/yg/Desktop/dockehello/target/test-classes:/Users/yg/Desktop/dockehello/target/classes:/Users/yg/apache-maven-3.3.3/localRepository/org/springframework/boot/spring-boot-starter-web/2.0.1.RELEASE/spring-boot-starter-web-2.0.1.RELEASE.jar:/Users/yg/apache-maven-3.3.3/localRepository/org/springframework/boot/spring-boot-starter/2.0.1.RELEASE/spring-boot-starter-2.0.1.RELEASE.jar:/Users/yg/apache-maven-3.3.3/localRepository/org/springframework/boot/spring-boot/2.0.1.RELEASE/spring-boot-2.0.1.RELEASE.jar:/Users/yg/apache-maven-3.3.3/localRepository/org/springframework/boot/spring-boot-autoconfigure/2.0.1.RELEASE/spring-boot-autoconfigure-2.0.1.RELEASE.jar:/Users/yg/apache-maven-3.3.3/localRepository/org/springframework/boot/spring-boot-starter-logging/2.0.1.RELEASE/spring-boot-starter-logging-2.0.1.RELEASE.jar:/Users/yg/apache-maven-3.3.3/localRepository/ch/qos/logback/logback-classic/1.2.3/logback-classic-1.2.3.jar:/Users/yg/apache-maven-3.3.3/localRepository/ch/qos/logback/logback-core/1.2.3/logback-core-1.2.3.jar:/Users/yg/apache-maven-3.3.3/localRepository/org/apache/logging/log4j/log4j-to-slf4j/2.10.0/log4j-to-slf4j-2.10.0.jar:/Users/yg/apache-maven-3.3.3/localRepository/org/apache/logging/log4j/log4j-api/2.10.0/log4j-api-2.10.0.jar:/Users/yg/apache-maven-3.3.3/localRepository/org/slf4j/jul-to-slf4j/1.7.25/jul-to-slf4j-1.7.25.jar:/Users/yg/apache-maven-3.3.3/localRepository/javax/annotation/javax.annotation-api/1.3.2/javax.annotation-api-1.3.2.jar:/Users/yg/apache-maven-3.3.3/localRepository/org/yaml/snakeyaml/1.19/snakeyaml-1.19.jar:/Users/yg/apache-maven-3.3.3/localRepository/org/springframework/boot/spring-boot-starter-json/2.0.1.RELEASE/spring-boot-starter-json-2.0.1.RELEASE.jar:/Users/yg/apache-maven-3.3.3/localRepository/com/fasterxml/jackson/core/jackson-databind/2.9.5/jackson-databind-2.9.5.jar:/Users/yg/apache-maven-3.3.3/localRepository/com/fasterxml/jackson/core/jackson-annotations/2.9.0/jackson-annotations-2.9.0.jar:/Users/yg/apache-maven-3.3.3/localRepository/com/fasterxml/jackson/core/jackson-core/2.9.5/jackson-core-2.9.5.jar:/Users/yg/apache-maven-3.3.3/localRepository/com/fasterxml/jackson/datatype/jackson-datatype-jdk8/2.9.5/jackson-datatype-jdk8-2.9.5.jar:/Users/yg/apache-maven-3.3.3/localRepository/com/fasterxml/jackson/datatype/jackson-datatype-jsr310/2.9.5/jackson-datatype-jsr310-2.9.5.jar:/Users/yg/apache-maven-3.3.3/localRepository/com/fasterxml/jackson/module/jackson-module-parameter-names/2.9.5/jackson-module-parameter-names-2.9.5.jar:/Users/yg/apache-maven-3.3.3/localRepository/org/springframework/boot/spring-boot-starter-tomcat/2.0.1.RELEASE/spring-boot-starter-tomcat-2.0.1.RELEASE.jar:/Users/yg/apache-maven-3.3.3/localRepository/org/apache/tomcat/embed/tomcat-embed-core/8.5.29/tomcat-embed-core-8.5.29.jar:/Users/yg/apache-maven-3.3.3/localRepository/org/apache/tomcat/embed/tomcat-embed-el/8.5.29/tomcat-embed-el-8.5.29.jar:/Users/yg/apache-maven-3.3.3/localRepository/org/apache/tomcat/embed/tomcat-embed-websocket/8.5.29/tomcat-embed-websocket-8.5.29.jar:/Users/yg/apache-maven-3.3.3/localRepository/org/hibernate/validator/hibernate-validator/6.0.9.Final/hibernate-validator-6.0.9.Final.jar:/Users/yg/apache-maven-3.3.3/localRepository/javax/validation/validation-api/2.0.1.Final/validation-api-2.0.1.Final.jar:/Users/yg/apache-maven-3.3.3/localRepository/org/jboss/logging/jboss-logging/3.3.2.Final/jboss-logging-3.3.2.Final.jar:/Users/yg/apache-maven-3.3.3/localRepository/com/fasterxml/classmate/1.3.4/classmate-1.3.4.jar:/Users/yg/apache-maven-3.3.3/localRepository/org/springframework/spring-web/5.0.5.RELEASE/spring-web-5.0.5.RELEASE.jar:/Users/yg/apache-maven-3.3.3/localRepository/org/springframework/spring-beans/5.0.5.RELEASE/spring-beans-5.0.5.RELEASE.jar:/Users/yg/apache-maven-3.3.3/localRepository/org/springframework/spring-webmvc/5.0.5.RELEASE/spring-webmvc-5.0.5.RELEASE.jar:/Users/yg/apache-maven-3.3.3/localRepository/org/springframework/spring-aop/5.0.5.RELEASE/spring-aop-5.0.5.RELEASE.jar:/Users/yg/apache-maven-3.3.3/localRepository/org/springframework/spring-context/5.0.5.RELEASE/spring-context-5.0.5.RELEASE.jar:/Users/yg/apache-maven-3.3.3/localRepository/org/springframework/spring-expression/5.0.5.RELEASE/spring-expression-5.0.5.RELEASE.jar:/Users/yg/apache-maven-3.3.3/localRepository/org/springframework/boot/spring-boot-starter-test/2.0.1.RELEASE/spring-boot-starter-test-2.0.1.RELEASE.jar:/Users/yg/apache-maven-3.3.3/localRepository/org/springframework/boot/spring-boot-test/2.0.1.RELEASE/spring-boot-test-2.0.1.RELEASE.jar:/Users/yg/apache-maven-3.3.3/localRepository/org/springframework/boot/spring-boot-test-autoconfigure/2.0.1.RELEASE/spring-boot-test-autoconfigure-2.0.1.RELEASE.jar:/Users/yg/apache-maven-3.3.3/localRepository/com/jayway/jsonpath/json-path/2.4.0/json-path-2.4.0.jar:/Users/yg/apache-maven-3.3.3/localRepository/net/minidev/json-smart/2.3/json-smart-2.3.jar:/Users/yg/apache-maven-3.3.3/localRepository/net/minidev/accessors-smart/1.2/accessors-smart-1.2.jar:/Users/yg/apache-maven-3.3.3/localRepository/org/ow2/asm/asm/5.0.4/asm-5.0.4.jar:/Users/yg/apache-maven-3.3.3/localRepository/org/slf4j/slf4j-api/1.7.25/slf4j-api-1.7.25.jar:/Users/yg/apache-maven-3.3.3/localRepository/junit/junit/4.12/junit-4.12.jar:/Users/yg/apache-maven-3.3.3/localRepository/org/assertj/assertj-core/3.9.1/assertj-core-3.9.1.jar:/Users/yg/apache-maven-3.3.3/localRepository/org/mockito/mockito-core/2.15.0/mockito-core-2.15.0.jar:/Users/yg/apache-maven-3.3.3/localRepository/net/bytebuddy/byte-buddy/1.7.11/byte-buddy-1.7.11.jar:/Users/yg/apache-maven-3.3.3/localRepository/net/bytebuddy/byte-buddy-agent/1.7.11/byte-buddy-agent-1.7.11.jar:/Users/yg/apache-maven-3.3.3/localRepository/org/objenesis/objenesis/2.6/objenesis-2.6.jar:/Users/yg/apache-maven-3.3.3/localRepository/org/hamcrest/hamcrest-core/1.3/hamcrest-core-1.3.jar:/Users/yg/apache-maven-3.3.3/localRepository/org/hamcrest/hamcrest-library/1.3/hamcrest-library-1.3.jar:/Users/yg/apache-maven-3.3.3/localRepository/org/skyscreamer/jsonassert/1.5.0/jsonassert-1.5.0.jar:/Users/yg/apache-maven-3.3.3/localRepository/com/vaadin/external/google/android-json/0.0.20131108.vaadin1/android-json-0.0.20131108.vaadin1.jar:/Users/yg/apache-maven-3.3.3/localRepository/org/springframework/spring-core/5.0.5.RELEASE/spring-core-5.0.5.RELEASE.jar:/Users/yg/apache-maven-3.3.3/localRepository/org/springframework/spring-jcl/5.0.5.RELEASE/spring-jcl-5.0.5.RELEASE.jar:/Users/yg/apache-maven-3.3.3/localRepository/org/springframework/spring-test/5.0.5.RELEASE/spring-test-5.0.5.RELEASE.jar:/Users/yg/apache-maven-3.3.3/localRepository/org/xmlunit/xmlunit-core/2.5.1/xmlunit-core-2.5.1.jar:/Users/yg/apache-maven-3.3.3/localRepository/org/springframework/boot/spring-boot-starter-thymeleaf/2.0.1.RELEASE/spring-boot-starter-thymeleaf-2.0.1.RELEASE.jar:/Users/yg/apache-maven-3.3.3/localRepository/org/thymeleaf/thymeleaf-spring5/3.0.9.RELEASE/thymeleaf-spring5-3.0.9.RELEASE.jar:/Users/yg/apache-maven-3.3.3/localRepository/org/thymeleaf/thymeleaf/3.0.9.RELEASE/thymeleaf-3.0.9.RELEASE.jar:/Users/yg/apache-maven-3.3.3/localRepository/org/attoparser/attoparser/2.0.4.RELEASE/attoparser-2.0.4.RELEASE.jar:/Users/yg/apache-maven-3.3.3/localRepository/org/unbescape/unbescape/1.1.5.RELEASE/unbescape-1.1.5.RELEASE.jar:/Users/yg/apache-maven-3.3.3/localRepository/org/thymeleaf/extras/thymeleaf-extras-java8time/3.0.1.RELEASE/thymeleaf-extras-java8time-3.0.1.RELEASE.jar:"/>
    <property name="sun.cpu.endian" value="little"/>
    <property name="user.home" value="/Users/yg"/>
    <property name="user.language" value="zh"/>
    <property name="java.specification.vendor" value="Oracle Corporation"/>
    <property name="java.home" value="/Library/Java/JavaVirtualMachines/jdk1.8.0.jdk/Contents/Home/jre"/>
    <property name="basedir" value="/Users/yg/Desktop/dockehello"/>
    <property name="file.separator" value="/"/>
    <property name="line.separator" value="&#10;"/>
    <property name="java.vm.specification.vendor" value="Oracle Corporation"/>
    <property name="java.specification.name" value="Java Platform API Specification"/>
    <property name="java.awt.graphicsenv" value="sun.awt.CGraphicsEnvironment"/>
    <property name="surefire.real.class.path" value="/Users/yg/Desktop/dockehello/target/surefire/surefirebooter1589091375262390955.jar"/>
    <property name="sun.boot.class.path" value="/Library/Java/JavaVirtualMachines/jdk1.8.0.jdk/Contents/Home/jre/lib/resources.jar:/Library/Java/JavaVirtualMachines/jdk1.8.0.jdk/Contents/Home/jre/lib/rt.jar:/Library/Java/JavaVirtualMachines/jdk1.8.0.jdk/Contents/Home/jre/lib/sunrsasign.jar:/Library/Java/JavaVirtualMachines/jdk1.8.0.jdk/Contents/Home/jre/lib/jsse.jar:/Library/Java/JavaVirtualMachines/jdk1.8.0.jdk/Contents/Home/jre/lib/jce.jar:/Library/Java/JavaVirtualMachines/jdk1.8.0.jdk/Contents/Home/jre/lib/charsets.jar:/Library/Java/JavaVirtualMachines/jdk1.8.0.jdk/Contents/Home/jre/lib/jfr.jar:/Library/Java/JavaVirtualMachines/jdk1.8.0.jdk/Contents/Home/jre/classes"/>
    <property name="sun.management.compiler" value="HotSpot 64-Bit Tiered Compilers"/>
    <property name="java.runtime.version" value="1.8.0-b132"/>
    <property name="user.name" value="yg"/>
    <property name="path.separator" value=":"/>
    <property name="os.version" value="10.13.4"/>
    <property name="java.endorsed.dirs" value="/Library/Java/JavaVirtualMachines/jdk1.8.0.jdk/Contents/Home/jre/lib/endorsed"/>
    <property name="java.runtime.name" value="Java(TM) SE Runtime Environment"/>
    <property name="file.encoding" value="UTF-8"/>
    <property name="java.vm.name" value="Java HotSpot(TM) 64-Bit Server VM"/>
    <property name="localRepository" value="/Users/yg/apache-maven-3.3.3/localRepository"/>
    <property name="java.vendor.url.bug" value="http://bugreport.sun.com/bugreport/"/>
    <property name="java.io.tmpdir" value="/var/folders/09/y8nt71wn4010hqf99qhlq1x40000gn/T/"/>
    <property name="idea.version" value="2016.2.5"/>
    <property name="java.version" value="1.8.0"/>
    <property name="user.dir" value="/Users/yg/Desktop/dockehello"/>
    <property name="os.arch" value="x86_64"/>
    <property name="java.vm.specification.name" value="Java Virtual Machine Specification"/>
    <property name="java.awt.printerjob" value="sun.lwawt.macosx.CPrinterJob"/>
    <property name="user.language.format" value="en"/>
    <property name="sun.os.patch.level" value="unknown"/>
    <property name="java.library.path" value="/Users/yg/Library/Java/Extensions:/Library/Java/Extensions:/Network/Library/Java/Extensions:/System/Library/Java/Extensions:/usr/lib/java:."/>
    <property name="java.vm.info" value="mixed mode"/>
    <property name="java.vendor" value="Oracle Corporation"/>
    <property name="java.vm.version" value="25.0-b70"/>
    <property name="java.ext.dirs" value="/Users/yg/Library/Java/Extensions:/Library/Java/JavaVirtualMachines/jdk1.8.0.jdk/Contents/Home/jre/lib/ext:/Library/Java/Extensions:/Network/Library/Java/Extensions:/System/Library/Java/Extensions:/usr/lib/java"/>
    <property name="sun.io.unicode.encoding" value="UnicodeBig"/>
    <property name="java.class.version" value="52.0"/>
  </properties>
  <testcase name="contextLoads" classname="com.example.demo.DockerHelloApplicationTests" time="0.11"/>
</testsuite>